<?xml version="1.0" encoding="UTF-8"?>
<!-- Generated by org.testng.reporters.JUnitReportReporter -->
<testsuite hostname="DESKTOP-4HTSSAJ" failures="0" tests="5" name="test.TestNG_Priority_Annotations" time="0.019" errors="0" timestamp="2023-03-09T02:09:19 EST" skipped="0">
  <testcase classname="test.TestNG_Priority_Annotations" name="c_method" time="0.002"/>
  <system-out/>
  <testcase classname="test.TestNG_Priority_Annotations" name="e_method" time="0.001"/>
  <system-out/>
  <testcase classname="test.TestNG_Priority_Annotations" name="b_method" time="0.014"/>
  <system-out/>
  <testcase classname="test.TestNG_Priority_Annotations" name="d_method" time="0.001"/>
  <system-out/>
  <testcase classname="test.TestNG_Priority_Annotations" name="a_method" time="0.001"/>
  <system-out/>
</testsuite> <!-- test.TestNG_Priority_Annotations -->
