<?xml version="1.0" encoding="UTF-8"?>
<!-- Generated by org.testng.reporters.JUnitReportReporter -->
<testsuite hostname="DESKTOP-4HTSSAJ" failures="0" tests="3" name="test.q5b" time="4.437" errors="0" timestamp="2023-03-10T19:55:19 EST" skipped="0">
  <testcase classname="test.q5b" name="FaceBookPageTitleVerification" time="0.022"/>
  <system-out/>
  <testcase classname="test.q5b" name="performSearchAndClick1stLink" time="3.129"/>
  <system-out/>
  <testcase classname="test.q5b" name="launchGoogle" time="1.286"/>
  <system-out/>
</testsuite> <!-- test.q5b -->
