<?xml version="1.0" encoding="UTF-8"?>
<!-- Generated by org.testng.reporters.JUnitReportReporter -->
<testsuite hostname="DESKTOP-4HTSSAJ" failures="0" tests="1" name="test.q4" time="9.360" errors="0" timestamp="2023-03-10T18:51:07 EST" skipped="0">
  <testcase classname="test.q4" name="checkingitem" time="9.360"/>
  <system-out/>
</testsuite> <!-- test.q4 -->
