<?xml version="1.0" encoding="UTF-8"?>
<!-- Generated by org.testng.reporters.JUnitReportReporter -->
<testsuite hostname="DESKTOP-4HTSSAJ" failures="0" tests="1" name="test.q3" time="4.388" errors="0" timestamp="2023-03-10T17:07:41 EST" skipped="0">
  <testcase classname="test.q3" name="verifyEmailTag" time="4.388"/>
  <system-out/>
</testsuite> <!-- test.q3 -->
