<?xml version="1.0" encoding="UTF-8"?>
<!-- Generated by org.testng.reporters.JUnitReportReporter -->
<testsuite hostname="DESKTOP-4HTSSAJ" failures="0" tests="5" name="test.q5" time="7.751" errors="0" timestamp="2023-03-10T19:02:24 EST" skipped="0">
  <testcase classname="test.q5" name="openBrowser" time="2.736"/>
  <system-out/>
  <testcase classname="test.q5" name="launchGoogle" time="1.130"/>
  <system-out/>
  <testcase classname="test.q5" name="peformSeachAndClick1stLink" time="3.124"/>
  <system-out/>
  <testcase classname="test.q5" name="FaceBookPageTitleVerification" time="0.032"/>
  <system-out/>
  <testcase classname="test.q5" name="driverexit" time="0.729"/>
  <system-out/>
</testsuite> <!-- test.q5 -->
