<?xml version="1.0" encoding="UTF-8"?>
<!-- Generated by org.testng.reporters.JUnitReportReporter -->
<testsuite hostname="DESKTOP-4HTSSAJ" failures="0" tests="5" name="test.q7" time="6.869" errors="0" timestamp="2023-03-10T19:34:02 EST" skipped="0">
  <testcase classname="test.q7" name="openBrowser" time="2.804"/>
  <system-out/>
  <testcase classname="test.q7" name="launchLinkedIn" time="0.890"/>
  <system-out/>
  <testcase classname="test.q7" name="peformLogin" time="3.159"/>
  <system-out/>
  <testcase classname="test.q7" name="LinkedinURLVerification" time="0.015"/>
  <system-out/>
  <testcase classname="test.q7" name="driverexit" time="0.001"/>
  <system-out/>
</testsuite> <!-- test.q7 -->
