<?xml version="1.0" encoding="UTF-8"?>
<!-- Generated by org.testng.reporters.JUnitReportReporter -->
<testsuite hostname="DESKTOP-4HTSSAJ" failures="0" tests="1" name="test.q2" time="7.814" errors="0" timestamp="2023-03-09T02:19:22 EST" skipped="0">
  <testcase classname="test.q2" name="verifyHomepageTitle" time="7.814"/>
  <system-out/>
</testsuite> <!-- test.q2 -->
