<?xml version="1.0" encoding="UTF-8"?>
<!-- Generated by org.testng.reporters.JUnitReportReporter -->
<testsuite hostname="DESKTOP-4HTSSAJ" failures="0" tests="3" name="test.q6" time="11.982" errors="0" timestamp="2023-03-10T19:22:27 EST" skipped="0">
  <testcase classname="test.q6" name="executeSessionThree" time="3.495"/>
  <system-out/>
  <testcase classname="test.q6" name="executeSessionTwo" time="3.981"/>
  <system-out/>
  <testcase classname="test.q6" name="executeSessionOne" time="4.506"/>
  <system-out/>
</testsuite> <!-- test.q6 -->
